<?xml version="1.0" encoding="UTF-8"?>
<testsuite name="org.example.MakeObjectTest" tests="1" skipped="0" failures="0" errors="0" timestamp="2023-05-01T15:07:32" hostname="gwonsojin-ui-MacBookPro.local" time="0.072">
  <properties/>
  <testcase name="addQueue()" classname="org.example.MakeObjectTest" time="0.072"/>
  <system-out><![CDATA[현재 배열 값 : 1
현재 배열 값 : 11234
현재 큐 : true
큐의 사이즈는 5
현재 배열 값 : 1234
현재 배열 값 : 1234
현재 배열 값 : 
]]></system-out>
  <system-err><![CDATA[]]></system-err>
</testsuite>
